Detecting compiler hash for triplet x64-linux...
All requested packages are currently installed.
Total install time: 778 ns
benchmark provides CMake targets:

  # this is heuristically generated, and may not be correct
  find_package(benchmark CONFIG REQUIRED)
  target_link_libraries(main PRIVATE benchmark::benchmark benchmark::benchmark_main)

benchmark provides pkg-config modules:

    # Google microbenchmark framework
    benchmark

openblas provides CMake targets:

  # this is heuristically generated, and may not be correct
  find_package(OpenBLAS CONFIG REQUIRED)
  target_link_libraries(main PRIVATE OpenBLAS::OpenBLAS)

openblas provides pkg-config modules:

    # OpenBLAS is an optimized BLAS library based on GotoBLAS2 1.13 BSD version
    openblas

faiss provides CMake targets:

  # this is heuristically generated, and may not be correct
  find_package(faiss CONFIG REQUIRED)
  target_link_libraries(main PRIVATE faiss)

flatbuffers provides CMake targets:

  # this is heuristically generated, and may not be correct
  find_package(flatbuffers CONFIG REQUIRED)
  target_link_libraries(main PRIVATE flatbuffers::flatbuffers)

flatbuffers provides pkg-config modules:

    # Memory Efficient Serialization Library
    flatbuffers

glog provides CMake targets:

  # this is heuristically generated, and may not be correct
  find_package(glog CONFIG REQUIRED)
  target_link_libraries(main PRIVATE glog::glog)

glog provides pkg-config modules:

    # Google Log (glog) C++ logging framework
    libglog

The package gtest is compatible with built-in CMake targets:

    enable_testing()
    
    find_package(GTest CONFIG REQUIRED)
    target_link_libraries(main PRIVATE GTest::gtest GTest::gtest_main GTest::gmock GTest::gmock_main)
    
    add_test(AllTestsInMain main)

jsoncpp provides CMake targets:

  # this is heuristically generated, and may not be correct
  find_package(jsoncpp CONFIG REQUIRED)
  target_link_libraries(main PRIVATE JsonCpp::JsonCpp)

jsoncpp provides pkg-config modules:

    # A C++ library for interacting with JSON
    jsoncpp

ms-gsl provides CMake targets:

  # this is heuristically generated, and may not be correct
  find_package(Microsoft.GSL CONFIG REQUIRED)
  target_link_libraries(main PRIVATE Microsoft.GSL::GSL)

rocksdb provides CMake targets:

  # this is heuristically generated, and may not be correct
  find_package(RocksDB CONFIG REQUIRED)
  target_link_libraries(main PRIVATE RocksDB::rocksdb)

rocksdb provides pkg-config modules:

    # An embeddable persistent key-value store for fast storage
    rocksdb

